<?xml version="1.0" encoding="UTF-8"?>
<testsuite xmlns:xsi="http://www.w3.org/2001/XMLSchema-instance" xsi:noNamespaceSchemaLocation="https://maven.apache.org/surefire/maven-surefire-plugin/xsd/surefire-test-report.xsd" name="com.atguigu.gmall.product.Test1" time="15.377" tests="1" errors="0" skipped="0" failures="0">
  <properties>
    <property name="sun.desktop" value="windows"/>
    <property name="awt.toolkit" value="sun.awt.windows.WToolkit"/>
    <property name="file.encoding.pkg" value="sun.io"/>
    <property name="java.specification.version" value="1.8"/>
    <property name="sun.cpu.isalist" value="amd64"/>
    <property name="sun.jnu.encoding" value="GBK"/>
    <property name="java.class.path" value="E:\0316\gmall0316\service\service-product\target\test-classes;E:\0316\gmall0316\service\service-product\target\classes;E:\atguigu\RepMaven2020\net\oschina\zcx7878\fastdfs-client-java\1.27.0.0\fastdfs-client-java-1.27.0.0.jar;E:\0316\gmall0316\service-client\service-list-client\target\service-list-client-1.0.jar;E:\0316\gmall0316\common\common-util\target\common-util-1.0.jar;E:\atguigu\RepMaven2020\org\apache\httpcomponents\httpclient\4.5.10\httpclient-4.5.10.jar;E:\atguigu\RepMaven2020\org\apache\httpcomponents\httpcore\4.4.12\httpcore-4.4.12.jar;E:\atguigu\RepMaven2020\commons-codec\commons-codec\1.13\commons-codec-1.13.jar;E:\atguigu\RepMaven2020\com\alibaba\fastjson\1.2.29\fastjson-1.2.29.jar;E:\0316\gmall0316\model\target\model-1.0.jar;E:\atguigu\RepMaven2020\org\projectlombok\lombok\1.18.10\lombok-1.18.10.jar;E:\0316\gmall0316\common\service-util\target\service-util-1.0.jar;E:\atguigu\RepMaven2020\org\springframework\boot\spring-boot-starter-data-redis\2.2.1.RELEASE\spring-boot-starter-data-redis-2.2.1.RELEASE.jar;E:\atguigu\RepMaven2020\org\springframework\data\spring-data-redis\2.2.1.RELEASE\spring-data-redis-2.2.1.RELEASE.jar;E:\atguigu\RepMaven2020\org\springframework\data\spring-data-keyvalue\2.2.1.RELEASE\spring-data-keyvalue-2.2.1.RELEASE.jar;E:\atguigu\RepMaven2020\org\springframework\data\spring-data-commons\2.2.1.RELEASE\spring-data-commons-2.2.1.RELEASE.jar;E:\atguigu\RepMaven2020\org\springframework\spring-tx\5.2.1.RELEASE\spring-tx-5.2.1.RELEASE.jar;E:\atguigu\RepMaven2020\org\springframework\spring-oxm\5.2.1.RELEASE\spring-oxm-5.2.1.RELEASE.jar;E:\atguigu\RepMaven2020\org\springframework\spring-aop\5.2.1.RELEASE\spring-aop-5.2.1.RELEASE.jar;E:\atguigu\RepMaven2020\org\springframework\spring-context-support\5.2.1.RELEASE\spring-context-support-5.2.1.RELEASE.jar;E:\atguigu\RepMaven2020\io\lettuce\lettuce-core\5.2.1.RELEASE\lettuce-core-5.2.1.RELEASE.jar;E:\atguigu\RepMaven2020\org\apache\commons\commons-pool2\2.7.0\commons-pool2-2.7.0.jar;E:\atguigu\RepMaven2020\org\redisson\redisson\3.11.2\redisson-3.11.2.jar;E:\atguigu\RepMaven2020\io\netty\netty-common\4.1.43.Final\netty-common-4.1.43.Final.jar;E:\atguigu\RepMaven2020\io\netty\netty-codec\4.1.43.Final\netty-codec-4.1.43.Final.jar;E:\atguigu\RepMaven2020\io\netty\netty-buffer\4.1.43.Final\netty-buffer-4.1.43.Final.jar;E:\atguigu\RepMaven2020\io\netty\netty-transport\4.1.43.Final\netty-transport-4.1.43.Final.jar;E:\atguigu\RepMaven2020\io\netty\netty-resolver\4.1.43.Final\netty-resolver-4.1.43.Final.jar;E:\atguigu\RepMaven2020\io\netty\netty-resolver-dns\4.1.43.Final\netty-resolver-dns-4.1.43.Final.jar;E:\atguigu\RepMaven2020\io\netty\netty-codec-dns\4.1.43.Final\netty-codec-dns-4.1.43.Final.jar;E:\atguigu\RepMaven2020\io\netty\netty-handler\4.1.43.Final\netty-handler-4.1.43.Final.jar;E:\atguigu\RepMaven2020\javax\cache\cache-api\1.1.1\cache-api-1.1.1.jar;E:\atguigu\RepMaven2020\io\projectreactor\reactor-core\3.3.0.RELEASE\reactor-core-3.3.0.RELEASE.jar;E:\atguigu\RepMaven2020\org\reactivestreams\reactive-streams\1.0.3\reactive-streams-1.0.3.jar;E:\atguigu\RepMaven2020\io\reactivex\rxjava2\rxjava\2.2.14\rxjava-2.2.14.jar;E:\atguigu\RepMaven2020\de\ruedigermoeller\fst\2.57\fst-2.57.jar;E:\atguigu\RepMaven2020\org\javassist\javassist\3.21.0-GA\javassist-3.21.0-GA.jar;E:\atguigu\RepMaven2020\org\slf4j\slf4j-api\1.7.29\slf4j-api-1.7.29.jar;E:\atguigu\RepMaven2020\com\fasterxml\jackson\dataformat\jackson-dataformat-yaml\2.10.0\jackson-dataformat-yaml-2.10.0.jar;E:\atguigu\RepMaven2020\com\fasterxml\jackson\core\jackson-core\2.10.0\jackson-core-2.10.0.jar;E:\atguigu\RepMaven2020\com\fasterxml\jackson\core\jackson-databind\2.10.0\jackson-databind-2.10.0.jar;E:\atguigu\RepMaven2020\com\fasterxml\jackson\core\jackson-annotations\2.10.0\jackson-annotations-2.10.0.jar;E:\atguigu\RepMaven2020\net\bytebuddy\byte-buddy\1.10.2\byte-buddy-1.10.2.jar;E:\atguigu\RepMaven2020\org\jodd\jodd-bean\5.0.10\jodd-bean-5.0.10.jar;E:\atguigu\RepMaven2020\org\jodd\jodd-core\5.0.10\jodd-core-5.0.10.jar;E:\atguigu\RepMaven2020\com\baomidou\mybatis-plus-boot-starter\3.0.5\mybatis-plus-boot-starter-3.0.5.jar;E:\atguigu\RepMaven2020\com\baomidou\mybatis-plus\3.0.5\mybatis-plus-3.0.5.jar;E:\atguigu\RepMaven2020\com\baomidou\mybatis-plus-extension\3.0.5\mybatis-plus-extension-3.0.5.jar;E:\atguigu\RepMaven2020\com\baomidou\mybatis-plus-core\3.0.5\mybatis-plus-core-3.0.5.jar;E:\atguigu\RepMaven2020\com\baomidou\mybatis-plus-annotation\3.0.5\mybatis-plus-annotation-3.0.5.jar;E:\atguigu\RepMaven2020\com\github\jsqlparser\jsqlparser\1.2\jsqlparser-1.2.jar;E:\atguigu\RepMaven2020\org\mybatis\mybatis-spring\1.3.2\mybatis-spring-1.3.2.jar;E:\atguigu\RepMaven2020\org\mybatis\mybatis\3.4.6\mybatis-3.4.6.jar;E:\atguigu\RepMaven2020\com\baomidou\mybatis-plus-generator\3.0.5\mybatis-plus-generator-3.0.5.jar;E:\atguigu\RepMaven2020\org\springframework\boot\spring-boot-autoconfigure\2.2.1.RELEASE\spring-boot-autoconfigure-2.2.1.RELEASE.jar;E:\atguigu\RepMaven2020\org\springframework\boot\spring-boot-starter-jdbc\2.2.1.RELEASE\spring-boot-starter-jdbc-2.2.1.RELEASE.jar;E:\atguigu\RepMaven2020\com\zaxxer\HikariCP\3.4.1\HikariCP-3.4.1.jar;E:\atguigu\RepMaven2020\org\springframework\spring-jdbc\5.2.1.RELEASE\spring-jdbc-5.2.1.RELEASE.jar;E:\atguigu\RepMaven2020\org\springframework\boot\spring-boot-configuration-processor\2.2.1.RELEASE\spring-boot-configuration-processor-2.2.1.RELEASE.jar;E:\atguigu\RepMaven2020\mysql\mysql-connector-java\5.1.46\mysql-connector-java-5.1.46.jar;E:\atguigu\RepMaven2020\org\apache\commons\commons-lang3\3.9\commons-lang3-3.9.jar;E:\atguigu\RepMaven2020\org\springframework\boot\spring-boot-starter-web\2.2.1.RELEASE\spring-boot-starter-web-2.2.1.RELEASE.jar;E:\atguigu\RepMaven2020\org\springframework\boot\spring-boot-starter-json\2.2.1.RELEASE\spring-boot-starter-json-2.2.1.RELEASE.jar;E:\atguigu\RepMaven2020\com\fasterxml\jackson\datatype\jackson-datatype-jdk8\2.10.0\jackson-datatype-jdk8-2.10.0.jar;E:\atguigu\RepMaven2020\com\fasterxml\jackson\datatype\jackson-datatype-jsr310\2.10.0\jackson-datatype-jsr310-2.10.0.jar;E:\atguigu\RepMaven2020\com\fasterxml\jackson\module\jackson-module-parameter-names\2.10.0\jackson-module-parameter-names-2.10.0.jar;E:\atguigu\RepMaven2020\org\springframework\boot\spring-boot-starter-tomcat\2.2.1.RELEASE\spring-boot-starter-tomcat-2.2.1.RELEASE.jar;E:\atguigu\RepMaven2020\org\apache\tomcat\embed\tomcat-embed-core\9.0.27\tomcat-embed-core-9.0.27.jar;E:\atguigu\RepMaven2020\org\apache\tomcat\embed\tomcat-embed-el\9.0.27\tomcat-embed-el-9.0.27.jar;E:\atguigu\RepMaven2020\org\apache\tomcat\embed\tomcat-embed-websocket\9.0.27\tomcat-embed-websocket-9.0.27.jar;E:\atguigu\RepMaven2020\org\springframework\boot\spring-boot-starter-validation\2.2.1.RELEASE\spring-boot-starter-validation-2.2.1.RELEASE.jar;E:\atguigu\RepMaven2020\jakarta\validation\jakarta.validation-api\2.0.1\jakarta.validation-api-2.0.1.jar;E:\atguigu\RepMaven2020\org\hibernate\validator\hibernate-validator\6.0.18.Final\hibernate-validator-6.0.18.Final.jar;E:\atguigu\RepMaven2020\org\jboss\logging\jboss-logging\3.4.1.Final\jboss-logging-3.4.1.Final.jar;E:\atguigu\RepMaven2020\org\springframework\spring-web\5.2.1.RELEASE\spring-web-5.2.1.RELEASE.jar;E:\atguigu\RepMaven2020\org\springframework\spring-beans\5.2.1.RELEASE\spring-beans-5.2.1.RELEASE.jar;E:\atguigu\RepMaven2020\org\springframework\spring-webmvc\5.2.1.RELEASE\spring-webmvc-5.2.1.RELEASE.jar;E:\atguigu\RepMaven2020\org\springframework\spring-context\5.2.1.RELEASE\spring-context-5.2.1.RELEASE.jar;E:\atguigu\RepMaven2020\org\springframework\spring-expression\5.2.1.RELEASE\spring-expression-5.2.1.RELEASE.jar;E:\atguigu\RepMaven2020\io\springfox\springfox-swagger2\2.7.0\springfox-swagger2-2.7.0.jar;E:\atguigu\RepMaven2020\io\swagger\swagger-annotations\1.5.13\swagger-annotations-1.5.13.jar;E:\atguigu\RepMaven2020\io\swagger\swagger-models\1.5.13\swagger-models-1.5.13.jar;E:\atguigu\RepMaven2020\io\springfox\springfox-spi\2.7.0\springfox-spi-2.7.0.jar;E:\atguigu\RepMaven2020\io\springfox\springfox-core\2.7.0\springfox-core-2.7.0.jar;E:\atguigu\RepMaven2020\io\springfox\springfox-schema\2.7.0\springfox-schema-2.7.0.jar;E:\atguigu\RepMaven2020\io\springfox\springfox-swagger-common\2.7.0\springfox-swagger-common-2.7.0.jar;E:\atguigu\RepMaven2020\io\springfox\springfox-spring-web\2.7.0\springfox-spring-web-2.7.0.jar;E:\atguigu\RepMaven2020\org\reflections\reflections\0.9.11\reflections-0.9.11.jar;E:\atguigu\RepMaven2020\com\google\guava\guava\18.0\guava-18.0.jar;E:\atguigu\RepMaven2020\com\fasterxml\classmate\1.5.1\classmate-1.5.1.jar;E:\atguigu\RepMaven2020\org\springframework\plugin\spring-plugin-core\1.2.0.RELEASE\spring-plugin-core-1.2.0.RELEASE.jar;E:\atguigu\RepMaven2020\org\springframework\plugin\spring-plugin-metadata\1.2.0.RELEASE\spring-plugin-metadata-1.2.0.RELEASE.jar;E:\atguigu\RepMaven2020\org\mapstruct\mapstruct\1.1.0.Final\mapstruct-1.1.0.Final.jar;E:\atguigu\RepMaven2020\io\springfox\springfox-swagger-ui\2.7.0\springfox-swagger-ui-2.7.0.jar;E:\atguigu\RepMaven2020\org\springframework\cloud\spring-cloud-starter-openfeign\2.2.0.RELEASE\spring-cloud-starter-openfeign-2.2.0.RELEASE.jar;E:\atguigu\RepMaven2020\org\springframework\cloud\spring-cloud-starter\2.2.0.RELEASE\spring-cloud-starter-2.2.0.RELEASE.jar;E:\atguigu\RepMaven2020\org\springframework\cloud\spring-cloud-context\2.2.0.RELEASE\spring-cloud-context-2.2.0.RELEASE.jar;E:\atguigu\RepMaven2020\org\springframework\security\spring-security-rsa\1.0.7.RELEASE\spring-security-rsa-1.0.7.RELEASE.jar;E:\atguigu\RepMaven2020\org\bouncycastle\bcpkix-jdk15on\1.60\bcpkix-jdk15on-1.60.jar;E:\atguigu\RepMaven2020\org\bouncycastle\bcprov-jdk15on\1.60\bcprov-jdk15on-1.60.jar;E:\atguigu\RepMaven2020\org\springframework\cloud\spring-cloud-openfeign-core\2.2.0.RELEASE\spring-cloud-openfeign-core-2.2.0.RELEASE.jar;E:\atguigu\RepMaven2020\org\springframework\cloud\spring-cloud-netflix-ribbon\2.2.0.RELEASE\spring-cloud-netflix-ribbon-2.2.0.RELEASE.jar;E:\atguigu\RepMaven2020\org\springframework\cloud\spring-cloud-netflix-archaius\2.2.0.RELEASE\spring-cloud-netflix-archaius-2.2.0.RELEASE.jar;E:\atguigu\RepMaven2020\org\springframework\boot\spring-boot-starter-aop\2.2.1.RELEASE\spring-boot-starter-aop-2.2.1.RELEASE.jar;E:\atguigu\RepMaven2020\org\aspectj\aspectjweaver\1.9.4\aspectjweaver-1.9.4.jar;E:\atguigu\RepMaven2020\io\github\openfeign\form\feign-form-spring\3.8.0\feign-form-spring-3.8.0.jar;E:\atguigu\RepMaven2020\io\github\openfeign\form\feign-form\3.8.0\feign-form-3.8.0.jar;E:\atguigu\RepMaven2020\commons-fileupload\commons-fileupload\1.4\commons-fileupload-1.4.jar;E:\atguigu\RepMaven2020\commons-io\commons-io\2.2\commons-io-2.2.jar;E:\atguigu\RepMaven2020\org\springframework\cloud\spring-cloud-commons\2.2.0.RELEASE\spring-cloud-commons-2.2.0.RELEASE.jar;E:\atguigu\RepMaven2020\org\springframework\security\spring-security-crypto\5.2.1.RELEASE\spring-security-crypto-5.2.1.RELEASE.jar;E:\atguigu\RepMaven2020\io\github\openfeign\feign-core\10.4.0\feign-core-10.4.0.jar;E:\atguigu\RepMaven2020\io\github\openfeign\feign-slf4j\10.4.0\feign-slf4j-10.4.0.jar;E:\atguigu\RepMaven2020\io\github\openfeign\feign-hystrix\10.4.0\feign-hystrix-10.4.0.jar;E:\atguigu\RepMaven2020\com\netflix\archaius\archaius-core\0.7.6\archaius-core-0.7.6.jar;E:\atguigu\RepMaven2020\com\google\code\findbugs\jsr305\3.0.1\jsr305-3.0.1.jar;E:\atguigu\RepMaven2020\commons-configuration\commons-configuration\1.8\commons-configuration-1.8.jar;E:\atguigu\RepMaven2020\commons-lang\commons-lang\2.6\commons-lang-2.6.jar;E:\atguigu\RepMaven2020\com\netflix\hystrix\hystrix-core\1.5.18\hystrix-core-1.5.18.jar;E:\atguigu\RepMaven2020\io\reactivex\rxjava\1.3.8\rxjava-1.3.8.jar;E:\atguigu\RepMaven2020\org\hdrhistogram\HdrHistogram\2.1.9\HdrHistogram-2.1.9.jar;E:\atguigu\RepMaven2020\org\springframework\cloud\spring-cloud-starter-alibaba-nacos-discovery\0.2.2.RELEASE\spring-cloud-starter-alibaba-nacos-discovery-0.2.2.RELEASE.jar;E:\atguigu\RepMaven2020\org\springframework\cloud\spring-cloud-alibaba-nacos-discovery\0.2.2.RELEASE\spring-cloud-alibaba-nacos-discovery-0.2.2.RELEASE.jar;E:\atguigu\RepMaven2020\com\alibaba\nacos\nacos-client\1.0.0\nacos-client-1.0.0.jar;E:\atguigu\RepMaven2020\com\alibaba\nacos\nacos-common\1.0.0\nacos-common-1.0.0.jar;E:\atguigu\RepMaven2020\com\alibaba\nacos\nacos-api\1.0.0\nacos-api-1.0.0.jar;E:\atguigu\RepMaven2020\io\prometheus\simpleclient\0.5.0\simpleclient-0.5.0.jar;E:\atguigu\RepMaven2020\org\springframework\cloud\spring-cloud-starter-netflix-ribbon\2.2.0.RELEASE\spring-cloud-starter-netflix-ribbon-2.2.0.RELEASE.jar;E:\atguigu\RepMaven2020\org\springframework\cloud\spring-cloud-starter-netflix-archaius\2.2.0.RELEASE\spring-cloud-starter-netflix-archaius-2.2.0.RELEASE.jar;E:\atguigu\RepMaven2020\com\netflix\ribbon\ribbon\2.3.0\ribbon-2.3.0.jar;E:\atguigu\RepMaven2020\com\netflix\ribbon\ribbon-transport\2.3.0\ribbon-transport-2.3.0.jar;E:\atguigu\RepMaven2020\io\reactivex\rxnetty-contexts\0.4.9\rxnetty-contexts-0.4.9.jar;E:\atguigu\RepMaven2020\io\reactivex\rxnetty-servo\0.4.9\rxnetty-servo-0.4.9.jar;E:\atguigu\RepMaven2020\javax\inject\javax.inject\1\javax.inject-1.jar;E:\atguigu\RepMaven2020\io\reactivex\rxnetty\0.4.9\rxnetty-0.4.9.jar;E:\atguigu\RepMaven2020\com\netflix\ribbon\ribbon-core\2.3.0\ribbon-core-2.3.0.jar;E:\atguigu\RepMaven2020\com\netflix\ribbon\ribbon-httpclient\2.3.0\ribbon-httpclient-2.3.0.jar;E:\atguigu\RepMaven2020\commons-collections\commons-collections\3.2.2\commons-collections-3.2.2.jar;E:\atguigu\RepMaven2020\com\sun\jersey\jersey-client\1.19.1\jersey-client-1.19.1.jar;E:\atguigu\RepMaven2020\com\sun\jersey\jersey-core\1.19.1\jersey-core-1.19.1.jar;E:\atguigu\RepMaven2020\javax\ws\rs\jsr311-api\1.1.1\jsr311-api-1.1.1.jar;E:\atguigu\RepMaven2020\com\sun\jersey\contribs\jersey-apache-client4\1.19.1\jersey-apache-client4-1.19.1.jar;E:\atguigu\RepMaven2020\com\netflix\servo\servo-core\0.12.21\servo-core-0.12.21.jar;E:\atguigu\RepMaven2020\com\netflix\netflix-commons\netflix-commons-util\0.3.0\netflix-commons-util-0.3.0.jar;E:\atguigu\RepMaven2020\com\netflix\ribbon\ribbon-loadbalancer\2.3.0\ribbon-loadbalancer-2.3.0.jar;E:\atguigu\RepMaven2020\com\netflix\netflix-commons\netflix-statistics\0.1.1\netflix-statistics-0.1.1.jar;E:\atguigu\RepMaven2020\org\springframework\boot\spring-boot-starter-test\2.2.1.RELEASE\spring-boot-starter-test-2.2.1.RELEASE.jar;E:\atguigu\RepMaven2020\org\springframework\boot\spring-boot-starter\2.2.1.RELEASE\spring-boot-starter-2.2.1.RELEASE.jar;E:\atguigu\RepMaven2020\org\springframework\boot\spring-boot\2.2.1.RELEASE\spring-boot-2.2.1.RELEASE.jar;E:\atguigu\RepMaven2020\org\springframework\boot\spring-boot-starter-logging\2.2.1.RELEASE\spring-boot-starter-logging-2.2.1.RELEASE.jar;E:\atguigu\RepMaven2020\ch\qos\logback\logback-classic\1.2.3\logback-classic-1.2.3.jar;E:\atguigu\RepMaven2020\ch\qos\logback\logback-core\1.2.3\logback-core-1.2.3.jar;E:\atguigu\RepMaven2020\org\apache\logging\log4j\log4j-to-slf4j\2.12.1\log4j-to-slf4j-2.12.1.jar;E:\atguigu\RepMaven2020\org\apache\logging\log4j\log4j-api\2.12.1\log4j-api-2.12.1.jar;E:\atguigu\RepMaven2020\org\slf4j\jul-to-slf4j\1.7.29\jul-to-slf4j-1.7.29.jar;E:\atguigu\RepMaven2020\jakarta\annotation\jakarta.annotation-api\1.3.5\jakarta.annotation-api-1.3.5.jar;E:\atguigu\RepMaven2020\org\yaml\snakeyaml\1.25\snakeyaml-1.25.jar;E:\atguigu\RepMaven2020\org\springframework\boot\spring-boot-test\2.2.1.RELEASE\spring-boot-test-2.2.1.RELEASE.jar;E:\atguigu\RepMaven2020\org\springframework\boot\spring-boot-test-autoconfigure\2.2.1.RELEASE\spring-boot-test-autoconfigure-2.2.1.RELEASE.jar;E:\atguigu\RepMaven2020\com\jayway\jsonpath\json-path\2.4.0\json-path-2.4.0.jar;E:\atguigu\RepMaven2020\net\minidev\json-smart\2.3\json-smart-2.3.jar;E:\atguigu\RepMaven2020\net\minidev\accessors-smart\1.2\accessors-smart-1.2.jar;E:\atguigu\RepMaven2020\org\ow2\asm\asm\5.0.4\asm-5.0.4.jar;E:\atguigu\RepMaven2020\jakarta\xml\bind\jakarta.xml.bind-api\2.3.2\jakarta.xml.bind-api-2.3.2.jar;E:\atguigu\RepMaven2020\jakarta\activation\jakarta.activation-api\1.2.1\jakarta.activation-api-1.2.1.jar;E:\atguigu\RepMaven2020\org\junit\jupiter\junit-jupiter\5.5.2\junit-jupiter-5.5.2.jar;E:\atguigu\RepMaven2020\org\junit\jupiter\junit-jupiter-api\5.5.2\junit-jupiter-api-5.5.2.jar;E:\atguigu\RepMaven2020\org\opentest4j\opentest4j\1.2.0\opentest4j-1.2.0.jar;E:\atguigu\RepMaven2020\org\junit\platform\junit-platform-commons\1.5.2\junit-platform-commons-1.5.2.jar;E:\atguigu\RepMaven2020\org\junit\jupiter\junit-jupiter-params\5.5.2\junit-jupiter-params-5.5.2.jar;E:\atguigu\RepMaven2020\org\junit\jupiter\junit-jupiter-engine\5.5.2\junit-jupiter-engine-5.5.2.jar;E:\atguigu\RepMaven2020\org\junit\vintage\junit-vintage-engine\5.5.2\junit-vintage-engine-5.5.2.jar;E:\atguigu\RepMaven2020\org\apiguardian\apiguardian-api\1.1.0\apiguardian-api-1.1.0.jar;E:\atguigu\RepMaven2020\org\junit\platform\junit-platform-engine\1.5.2\junit-platform-engine-1.5.2.jar;E:\atguigu\RepMaven2020\junit\junit\4.12\junit-4.12.jar;E:\atguigu\RepMaven2020\org\mockito\mockito-junit-jupiter\3.1.0\mockito-junit-jupiter-3.1.0.jar;E:\atguigu\RepMaven2020\org\assertj\assertj-core\3.13.2\assertj-core-3.13.2.jar;E:\atguigu\RepMaven2020\org\hamcrest\hamcrest\2.1\hamcrest-2.1.jar;E:\atguigu\RepMaven2020\org\mockito\mockito-core\3.1.0\mockito-core-3.1.0.jar;E:\atguigu\RepMaven2020\net\bytebuddy\byte-buddy-agent\1.10.2\byte-buddy-agent-1.10.2.jar;E:\atguigu\RepMaven2020\org\objenesis\objenesis\2.6\objenesis-2.6.jar;E:\atguigu\RepMaven2020\org\skyscreamer\jsonassert\1.5.0\jsonassert-1.5.0.jar;E:\atguigu\RepMaven2020\com\vaadin\external\google\android-json\0.0.20131108.vaadin1\android-json-0.0.20131108.vaadin1.jar;E:\atguigu\RepMaven2020\org\springframework\spring-core\5.2.1.RELEASE\spring-core-5.2.1.RELEASE.jar;E:\atguigu\RepMaven2020\org\springframework\spring-jcl\5.2.1.RELEASE\spring-jcl-5.2.1.RELEASE.jar;E:\atguigu\RepMaven2020\org\springframework\spring-test\5.2.1.RELEASE\spring-test-5.2.1.RELEASE.jar;E:\atguigu\RepMaven2020\org\xmlunit\xmlunit-core\2.6.3\xmlunit-core-2.6.3.jar;"/>
    <property name="java.vm.vendor" value="Oracle Corporation"/>
    <property name="sun.arch.data.model" value="64"/>
    <property name="user.variant" value=""/>
    <property name="java.vendor.url" value="http://java.oracle.com/"/>
    <property name="user.timezone" value="Asia/Shanghai"/>
    <property name="java.vm.specification.version" value="1.8"/>
    <property name="os.name" value="Windows 10"/>
    <property name="user.country" value="CN"/>
    <property name="sun.java.launcher" value="SUN_STANDARD"/>
    <property name="sun.boot.library.path" value="E:\installation\java\jdk8\jre\bin"/>
    <property name="sun.java.command" value="C:\Users\hfer\AppData\Local\Temp\surefire504271185875920224\surefirebooter8251181917923871468.jar C:\Users\hfer\AppData\Local\Temp\surefire504271185875920224 2020-09-05T13-35-21_157-jvmRun1 surefire1088532894499756488tmp surefire_05088048654434611959tmp"/>
    <property name="surefire.test.class.path" value="E:\0316\gmall0316\service\service-product\target\test-classes;E:\0316\gmall0316\service\service-product\target\classes;E:\atguigu\RepMaven2020\net\oschina\zcx7878\fastdfs-client-java\1.27.0.0\fastdfs-client-java-1.27.0.0.jar;E:\0316\gmall0316\service-client\service-list-client\target\service-list-client-1.0.jar;E:\0316\gmall0316\common\common-util\target\common-util-1.0.jar;E:\atguigu\RepMaven2020\org\apache\httpcomponents\httpclient\4.5.10\httpclient-4.5.10.jar;E:\atguigu\RepMaven2020\org\apache\httpcomponents\httpcore\4.4.12\httpcore-4.4.12.jar;E:\atguigu\RepMaven2020\commons-codec\commons-codec\1.13\commons-codec-1.13.jar;E:\atguigu\RepMaven2020\com\alibaba\fastjson\1.2.29\fastjson-1.2.29.jar;E:\0316\gmall0316\model\target\model-1.0.jar;E:\atguigu\RepMaven2020\org\projectlombok\lombok\1.18.10\lombok-1.18.10.jar;E:\0316\gmall0316\common\service-util\target\service-util-1.0.jar;E:\atguigu\RepMaven2020\org\springframework\boot\spring-boot-starter-data-redis\2.2.1.RELEASE\spring-boot-starter-data-redis-2.2.1.RELEASE.jar;E:\atguigu\RepMaven2020\org\springframework\data\spring-data-redis\2.2.1.RELEASE\spring-data-redis-2.2.1.RELEASE.jar;E:\atguigu\RepMaven2020\org\springframework\data\spring-data-keyvalue\2.2.1.RELEASE\spring-data-keyvalue-2.2.1.RELEASE.jar;E:\atguigu\RepMaven2020\org\springframework\data\spring-data-commons\2.2.1.RELEASE\spring-data-commons-2.2.1.RELEASE.jar;E:\atguigu\RepMaven2020\org\springframework\spring-tx\5.2.1.RELEASE\spring-tx-5.2.1.RELEASE.jar;E:\atguigu\RepMaven2020\org\springframework\spring-oxm\5.2.1.RELEASE\spring-oxm-5.2.1.RELEASE.jar;E:\atguigu\RepMaven2020\org\springframework\spring-aop\5.2.1.RELEASE\spring-aop-5.2.1.RELEASE.jar;E:\atguigu\RepMaven2020\org\springframework\spring-context-support\5.2.1.RELEASE\spring-context-support-5.2.1.RELEASE.jar;E:\atguigu\RepMaven2020\io\lettuce\lettuce-core\5.2.1.RELEASE\lettuce-core-5.2.1.RELEASE.jar;E:\atguigu\RepMaven2020\org\apache\commons\commons-pool2\2.7.0\commons-pool2-2.7.0.jar;E:\atguigu\RepMaven2020\org\redisson\redisson\3.11.2\redisson-3.11.2.jar;E:\atguigu\RepMaven2020\io\netty\netty-common\4.1.43.Final\netty-common-4.1.43.Final.jar;E:\atguigu\RepMaven2020\io\netty\netty-codec\4.1.43.Final\netty-codec-4.1.43.Final.jar;E:\atguigu\RepMaven2020\io\netty\netty-buffer\4.1.43.Final\netty-buffer-4.1.43.Final.jar;E:\atguigu\RepMaven2020\io\netty\netty-transport\4.1.43.Final\netty-transport-4.1.43.Final.jar;E:\atguigu\RepMaven2020\io\netty\netty-resolver\4.1.43.Final\netty-resolver-4.1.43.Final.jar;E:\atguigu\RepMaven2020\io\netty\netty-resolver-dns\4.1.43.Final\netty-resolver-dns-4.1.43.Final.jar;E:\atguigu\RepMaven2020\io\netty\netty-codec-dns\4.1.43.Final\netty-codec-dns-4.1.43.Final.jar;E:\atguigu\RepMaven2020\io\netty\netty-handler\4.1.43.Final\netty-handler-4.1.43.Final.jar;E:\atguigu\RepMaven2020\javax\cache\cache-api\1.1.1\cache-api-1.1.1.jar;E:\atguigu\RepMaven2020\io\projectreactor\reactor-core\3.3.0.RELEASE\reactor-core-3.3.0.RELEASE.jar;E:\atguigu\RepMaven2020\org\reactivestreams\reactive-streams\1.0.3\reactive-streams-1.0.3.jar;E:\atguigu\RepMaven2020\io\reactivex\rxjava2\rxjava\2.2.14\rxjava-2.2.14.jar;E:\atguigu\RepMaven2020\de\ruedigermoeller\fst\2.57\fst-2.57.jar;E:\atguigu\RepMaven2020\org\javassist\javassist\3.21.0-GA\javassist-3.21.0-GA.jar;E:\atguigu\RepMaven2020\org\slf4j\slf4j-api\1.7.29\slf4j-api-1.7.29.jar;E:\atguigu\RepMaven2020\com\fasterxml\jackson\dataformat\jackson-dataformat-yaml\2.10.0\jackson-dataformat-yaml-2.10.0.jar;E:\atguigu\RepMaven2020\com\fasterxml\jackson\core\jackson-core\2.10.0\jackson-core-2.10.0.jar;E:\atguigu\RepMaven2020\com\fasterxml\jackson\core\jackson-databind\2.10.0\jackson-databind-2.10.0.jar;E:\atguigu\RepMaven2020\com\fasterxml\jackson\core\jackson-annotations\2.10.0\jackson-annotations-2.10.0.jar;E:\atguigu\RepMaven2020\net\bytebuddy\byte-buddy\1.10.2\byte-buddy-1.10.2.jar;E:\atguigu\RepMaven2020\org\jodd\jodd-bean\5.0.10\jodd-bean-5.0.10.jar;E:\atguigu\RepMaven2020\org\jodd\jodd-core\5.0.10\jodd-core-5.0.10.jar;E:\atguigu\RepMaven2020\com\baomidou\mybatis-plus-boot-starter\3.0.5\mybatis-plus-boot-starter-3.0.5.jar;E:\atguigu\RepMaven2020\com\baomidou\mybatis-plus\3.0.5\mybatis-plus-3.0.5.jar;E:\atguigu\RepMaven2020\com\baomidou\mybatis-plus-extension\3.0.5\mybatis-plus-extension-3.0.5.jar;E:\atguigu\RepMaven2020\com\baomidou\mybatis-plus-core\3.0.5\mybatis-plus-core-3.0.5.jar;E:\atguigu\RepMaven2020\com\baomidou\mybatis-plus-annotation\3.0.5\mybatis-plus-annotation-3.0.5.jar;E:\atguigu\RepMaven2020\com\github\jsqlparser\jsqlparser\1.2\jsqlparser-1.2.jar;E:\atguigu\RepMaven2020\org\mybatis\mybatis-spring\1.3.2\mybatis-spring-1.3.2.jar;E:\atguigu\RepMaven2020\org\mybatis\mybatis\3.4.6\mybatis-3.4.6.jar;E:\atguigu\RepMaven2020\com\baomidou\mybatis-plus-generator\3.0.5\mybatis-plus-generator-3.0.5.jar;E:\atguigu\RepMaven2020\org\springframework\boot\spring-boot-autoconfigure\2.2.1.RELEASE\spring-boot-autoconfigure-2.2.1.RELEASE.jar;E:\atguigu\RepMaven2020\org\springframework\boot\spring-boot-starter-jdbc\2.2.1.RELEASE\spring-boot-starter-jdbc-2.2.1.RELEASE.jar;E:\atguigu\RepMaven2020\com\zaxxer\HikariCP\3.4.1\HikariCP-3.4.1.jar;E:\atguigu\RepMaven2020\org\springframework\spring-jdbc\5.2.1.RELEASE\spring-jdbc-5.2.1.RELEASE.jar;E:\atguigu\RepMaven2020\org\springframework\boot\spring-boot-configuration-processor\2.2.1.RELEASE\spring-boot-configuration-processor-2.2.1.RELEASE.jar;E:\atguigu\RepMaven2020\mysql\mysql-connector-java\5.1.46\mysql-connector-java-5.1.46.jar;E:\atguigu\RepMaven2020\org\apache\commons\commons-lang3\3.9\commons-lang3-3.9.jar;E:\atguigu\RepMaven2020\org\springframework\boot\spring-boot-starter-web\2.2.1.RELEASE\spring-boot-starter-web-2.2.1.RELEASE.jar;E:\atguigu\RepMaven2020\org\springframework\boot\spring-boot-starter-json\2.2.1.RELEASE\spring-boot-starter-json-2.2.1.RELEASE.jar;E:\atguigu\RepMaven2020\com\fasterxml\jackson\datatype\jackson-datatype-jdk8\2.10.0\jackson-datatype-jdk8-2.10.0.jar;E:\atguigu\RepMaven2020\com\fasterxml\jackson\datatype\jackson-datatype-jsr310\2.10.0\jackson-datatype-jsr310-2.10.0.jar;E:\atguigu\RepMaven2020\com\fasterxml\jackson\module\jackson-module-parameter-names\2.10.0\jackson-module-parameter-names-2.10.0.jar;E:\atguigu\RepMaven2020\org\springframework\boot\spring-boot-starter-tomcat\2.2.1.RELEASE\spring-boot-starter-tomcat-2.2.1.RELEASE.jar;E:\atguigu\RepMaven2020\org\apache\tomcat\embed\tomcat-embed-core\9.0.27\tomcat-embed-core-9.0.27.jar;E:\atguigu\RepMaven2020\org\apache\tomcat\embed\tomcat-embed-el\9.0.27\tomcat-embed-el-9.0.27.jar;E:\atguigu\RepMaven2020\org\apache\tomcat\embed\tomcat-embed-websocket\9.0.27\tomcat-embed-websocket-9.0.27.jar;E:\atguigu\RepMaven2020\org\springframework\boot\spring-boot-starter-validation\2.2.1.RELEASE\spring-boot-starter-validation-2.2.1.RELEASE.jar;E:\atguigu\RepMaven2020\jakarta\validation\jakarta.validation-api\2.0.1\jakarta.validation-api-2.0.1.jar;E:\atguigu\RepMaven2020\org\hibernate\validator\hibernate-validator\6.0.18.Final\hibernate-validator-6.0.18.Final.jar;E:\atguigu\RepMaven2020\org\jboss\logging\jboss-logging\3.4.1.Final\jboss-logging-3.4.1.Final.jar;E:\atguigu\RepMaven2020\org\springframework\spring-web\5.2.1.RELEASE\spring-web-5.2.1.RELEASE.jar;E:\atguigu\RepMaven2020\org\springframework\spring-beans\5.2.1.RELEASE\spring-beans-5.2.1.RELEASE.jar;E:\atguigu\RepMaven2020\org\springframework\spring-webmvc\5.2.1.RELEASE\spring-webmvc-5.2.1.RELEASE.jar;E:\atguigu\RepMaven2020\org\springframework\spring-context\5.2.1.RELEASE\spring-context-5.2.1.RELEASE.jar;E:\atguigu\RepMaven2020\org\springframework\spring-expression\5.2.1.RELEASE\spring-expression-5.2.1.RELEASE.jar;E:\atguigu\RepMaven2020\io\springfox\springfox-swagger2\2.7.0\springfox-swagger2-2.7.0.jar;E:\atguigu\RepMaven2020\io\swagger\swagger-annotations\1.5.13\swagger-annotations-1.5.13.jar;E:\atguigu\RepMaven2020\io\swagger\swagger-models\1.5.13\swagger-models-1.5.13.jar;E:\atguigu\RepMaven2020\io\springfox\springfox-spi\2.7.0\springfox-spi-2.7.0.jar;E:\atguigu\RepMaven2020\io\springfox\springfox-core\2.7.0\springfox-core-2.7.0.jar;E:\atguigu\RepMaven2020\io\springfox\springfox-schema\2.7.0\springfox-schema-2.7.0.jar;E:\atguigu\RepMaven2020\io\springfox\springfox-swagger-common\2.7.0\springfox-swagger-common-2.7.0.jar;E:\atguigu\RepMaven2020\io\springfox\springfox-spring-web\2.7.0\springfox-spring-web-2.7.0.jar;E:\atguigu\RepMaven2020\org\reflections\reflections\0.9.11\reflections-0.9.11.jar;E:\atguigu\RepMaven2020\com\google\guava\guava\18.0\guava-18.0.jar;E:\atguigu\RepMaven2020\com\fasterxml\classmate\1.5.1\classmate-1.5.1.jar;E:\atguigu\RepMaven2020\org\springframework\plugin\spring-plugin-core\1.2.0.RELEASE\spring-plugin-core-1.2.0.RELEASE.jar;E:\atguigu\RepMaven2020\org\springframework\plugin\spring-plugin-metadata\1.2.0.RELEASE\spring-plugin-metadata-1.2.0.RELEASE.jar;E:\atguigu\RepMaven2020\org\mapstruct\mapstruct\1.1.0.Final\mapstruct-1.1.0.Final.jar;E:\atguigu\RepMaven2020\io\springfox\springfox-swagger-ui\2.7.0\springfox-swagger-ui-2.7.0.jar;E:\atguigu\RepMaven2020\org\springframework\cloud\spring-cloud-starter-openfeign\2.2.0.RELEASE\spring-cloud-starter-openfeign-2.2.0.RELEASE.jar;E:\atguigu\RepMaven2020\org\springframework\cloud\spring-cloud-starter\2.2.0.RELEASE\spring-cloud-starter-2.2.0.RELEASE.jar;E:\atguigu\RepMaven2020\org\springframework\cloud\spring-cloud-context\2.2.0.RELEASE\spring-cloud-context-2.2.0.RELEASE.jar;E:\atguigu\RepMaven2020\org\springframework\security\spring-security-rsa\1.0.7.RELEASE\spring-security-rsa-1.0.7.RELEASE.jar;E:\atguigu\RepMaven2020\org\bouncycastle\bcpkix-jdk15on\1.60\bcpkix-jdk15on-1.60.jar;E:\atguigu\RepMaven2020\org\bouncycastle\bcprov-jdk15on\1.60\bcprov-jdk15on-1.60.jar;E:\atguigu\RepMaven2020\org\springframework\cloud\spring-cloud-openfeign-core\2.2.0.RELEASE\spring-cloud-openfeign-core-2.2.0.RELEASE.jar;E:\atguigu\RepMaven2020\org\springframework\cloud\spring-cloud-netflix-ribbon\2.2.0.RELEASE\spring-cloud-netflix-ribbon-2.2.0.RELEASE.jar;E:\atguigu\RepMaven2020\org\springframework\cloud\spring-cloud-netflix-archaius\2.2.0.RELEASE\spring-cloud-netflix-archaius-2.2.0.RELEASE.jar;E:\atguigu\RepMaven2020\org\springframework\boot\spring-boot-starter-aop\2.2.1.RELEASE\spring-boot-starter-aop-2.2.1.RELEASE.jar;E:\atguigu\RepMaven2020\org\aspectj\aspectjweaver\1.9.4\aspectjweaver-1.9.4.jar;E:\atguigu\RepMaven2020\io\github\openfeign\form\feign-form-spring\3.8.0\feign-form-spring-3.8.0.jar;E:\atguigu\RepMaven2020\io\github\openfeign\form\feign-form\3.8.0\feign-form-3.8.0.jar;E:\atguigu\RepMaven2020\commons-fileupload\commons-fileupload\1.4\commons-fileupload-1.4.jar;E:\atguigu\RepMaven2020\commons-io\commons-io\2.2\commons-io-2.2.jar;E:\atguigu\RepMaven2020\org\springframework\cloud\spring-cloud-commons\2.2.0.RELEASE\spring-cloud-commons-2.2.0.RELEASE.jar;E:\atguigu\RepMaven2020\org\springframework\security\spring-security-crypto\5.2.1.RELEASE\spring-security-crypto-5.2.1.RELEASE.jar;E:\atguigu\RepMaven2020\io\github\openfeign\feign-core\10.4.0\feign-core-10.4.0.jar;E:\atguigu\RepMaven2020\io\github\openfeign\feign-slf4j\10.4.0\feign-slf4j-10.4.0.jar;E:\atguigu\RepMaven2020\io\github\openfeign\feign-hystrix\10.4.0\feign-hystrix-10.4.0.jar;E:\atguigu\RepMaven2020\com\netflix\archaius\archaius-core\0.7.6\archaius-core-0.7.6.jar;E:\atguigu\RepMaven2020\com\google\code\findbugs\jsr305\3.0.1\jsr305-3.0.1.jar;E:\atguigu\RepMaven2020\commons-configuration\commons-configuration\1.8\commons-configuration-1.8.jar;E:\atguigu\RepMaven2020\commons-lang\commons-lang\2.6\commons-lang-2.6.jar;E:\atguigu\RepMaven2020\com\netflix\hystrix\hystrix-core\1.5.18\hystrix-core-1.5.18.jar;E:\atguigu\RepMaven2020\io\reactivex\rxjava\1.3.8\rxjava-1.3.8.jar;E:\atguigu\RepMaven2020\org\hdrhistogram\HdrHistogram\2.1.9\HdrHistogram-2.1.9.jar;E:\atguigu\RepMaven2020\org\springframework\cloud\spring-cloud-starter-alibaba-nacos-discovery\0.2.2.RELEASE\spring-cloud-starter-alibaba-nacos-discovery-0.2.2.RELEASE.jar;E:\atguigu\RepMaven2020\org\springframework\cloud\spring-cloud-alibaba-nacos-discovery\0.2.2.RELEASE\spring-cloud-alibaba-nacos-discovery-0.2.2.RELEASE.jar;E:\atguigu\RepMaven2020\com\alibaba\nacos\nacos-client\1.0.0\nacos-client-1.0.0.jar;E:\atguigu\RepMaven2020\com\alibaba\nacos\nacos-common\1.0.0\nacos-common-1.0.0.jar;E:\atguigu\RepMaven2020\com\alibaba\nacos\nacos-api\1.0.0\nacos-api-1.0.0.jar;E:\atguigu\RepMaven2020\io\prometheus\simpleclient\0.5.0\simpleclient-0.5.0.jar;E:\atguigu\RepMaven2020\org\springframework\cloud\spring-cloud-starter-netflix-ribbon\2.2.0.RELEASE\spring-cloud-starter-netflix-ribbon-2.2.0.RELEASE.jar;E:\atguigu\RepMaven2020\org\springframework\cloud\spring-cloud-starter-netflix-archaius\2.2.0.RELEASE\spring-cloud-starter-netflix-archaius-2.2.0.RELEASE.jar;E:\atguigu\RepMaven2020\com\netflix\ribbon\ribbon\2.3.0\ribbon-2.3.0.jar;E:\atguigu\RepMaven2020\com\netflix\ribbon\ribbon-transport\2.3.0\ribbon-transport-2.3.0.jar;E:\atguigu\RepMaven2020\io\reactivex\rxnetty-contexts\0.4.9\rxnetty-contexts-0.4.9.jar;E:\atguigu\RepMaven2020\io\reactivex\rxnetty-servo\0.4.9\rxnetty-servo-0.4.9.jar;E:\atguigu\RepMaven2020\javax\inject\javax.inject\1\javax.inject-1.jar;E:\atguigu\RepMaven2020\io\reactivex\rxnetty\0.4.9\rxnetty-0.4.9.jar;E:\atguigu\RepMaven2020\com\netflix\ribbon\ribbon-core\2.3.0\ribbon-core-2.3.0.jar;E:\atguigu\RepMaven2020\com\netflix\ribbon\ribbon-httpclient\2.3.0\ribbon-httpclient-2.3.0.jar;E:\atguigu\RepMaven2020\commons-collections\commons-collections\3.2.2\commons-collections-3.2.2.jar;E:\atguigu\RepMaven2020\com\sun\jersey\jersey-client\1.19.1\jersey-client-1.19.1.jar;E:\atguigu\RepMaven2020\com\sun\jersey\jersey-core\1.19.1\jersey-core-1.19.1.jar;E:\atguigu\RepMaven2020\javax\ws\rs\jsr311-api\1.1.1\jsr311-api-1.1.1.jar;E:\atguigu\RepMaven2020\com\sun\jersey\contribs\jersey-apache-client4\1.19.1\jersey-apache-client4-1.19.1.jar;E:\atguigu\RepMaven2020\com\netflix\servo\servo-core\0.12.21\servo-core-0.12.21.jar;E:\atguigu\RepMaven2020\com\netflix\netflix-commons\netflix-commons-util\0.3.0\netflix-commons-util-0.3.0.jar;E:\atguigu\RepMaven2020\com\netflix\ribbon\ribbon-loadbalancer\2.3.0\ribbon-loadbalancer-2.3.0.jar;E:\atguigu\RepMaven2020\com\netflix\netflix-commons\netflix-statistics\0.1.1\netflix-statistics-0.1.1.jar;E:\atguigu\RepMaven2020\org\springframework\boot\spring-boot-starter-test\2.2.1.RELEASE\spring-boot-starter-test-2.2.1.RELEASE.jar;E:\atguigu\RepMaven2020\org\springframework\boot\spring-boot-starter\2.2.1.RELEASE\spring-boot-starter-2.2.1.RELEASE.jar;E:\atguigu\RepMaven2020\org\springframework\boot\spring-boot\2.2.1.RELEASE\spring-boot-2.2.1.RELEASE.jar;E:\atguigu\RepMaven2020\org\springframework\boot\spring-boot-starter-logging\2.2.1.RELEASE\spring-boot-starter-logging-2.2.1.RELEASE.jar;E:\atguigu\RepMaven2020\ch\qos\logback\logback-classic\1.2.3\logback-classic-1.2.3.jar;E:\atguigu\RepMaven2020\ch\qos\logback\logback-core\1.2.3\logback-core-1.2.3.jar;E:\atguigu\RepMaven2020\org\apache\logging\log4j\log4j-to-slf4j\2.12.1\log4j-to-slf4j-2.12.1.jar;E:\atguigu\RepMaven2020\org\apache\logging\log4j\log4j-api\2.12.1\log4j-api-2.12.1.jar;E:\atguigu\RepMaven2020\org\slf4j\jul-to-slf4j\1.7.29\jul-to-slf4j-1.7.29.jar;E:\atguigu\RepMaven2020\jakarta\annotation\jakarta.annotation-api\1.3.5\jakarta.annotation-api-1.3.5.jar;E:\atguigu\RepMaven2020\org\yaml\snakeyaml\1.25\snakeyaml-1.25.jar;E:\atguigu\RepMaven2020\org\springframework\boot\spring-boot-test\2.2.1.RELEASE\spring-boot-test-2.2.1.RELEASE.jar;E:\atguigu\RepMaven2020\org\springframework\boot\spring-boot-test-autoconfigure\2.2.1.RELEASE\spring-boot-test-autoconfigure-2.2.1.RELEASE.jar;E:\atguigu\RepMaven2020\com\jayway\jsonpath\json-path\2.4.0\json-path-2.4.0.jar;E:\atguigu\RepMaven2020\net\minidev\json-smart\2.3\json-smart-2.3.jar;E:\atguigu\RepMaven2020\net\minidev\accessors-smart\1.2\accessors-smart-1.2.jar;E:\atguigu\RepMaven2020\org\ow2\asm\asm\5.0.4\asm-5.0.4.jar;E:\atguigu\RepMaven2020\jakarta\xml\bind\jakarta.xml.bind-api\2.3.2\jakarta.xml.bind-api-2.3.2.jar;E:\atguigu\RepMaven2020\jakarta\activation\jakarta.activation-api\1.2.1\jakarta.activation-api-1.2.1.jar;E:\atguigu\RepMaven2020\org\junit\jupiter\junit-jupiter\5.5.2\junit-jupiter-5.5.2.jar;E:\atguigu\RepMaven2020\org\junit\jupiter\junit-jupiter-api\5.5.2\junit-jupiter-api-5.5.2.jar;E:\atguigu\RepMaven2020\org\opentest4j\opentest4j\1.2.0\opentest4j-1.2.0.jar;E:\atguigu\RepMaven2020\org\junit\platform\junit-platform-commons\1.5.2\junit-platform-commons-1.5.2.jar;E:\atguigu\RepMaven2020\org\junit\jupiter\junit-jupiter-params\5.5.2\junit-jupiter-params-5.5.2.jar;E:\atguigu\RepMaven2020\org\junit\jupiter\junit-jupiter-engine\5.5.2\junit-jupiter-engine-5.5.2.jar;E:\atguigu\RepMaven2020\org\junit\vintage\junit-vintage-engine\5.5.2\junit-vintage-engine-5.5.2.jar;E:\atguigu\RepMaven2020\org\apiguardian\apiguardian-api\1.1.0\apiguardian-api-1.1.0.jar;E:\atguigu\RepMaven2020\org\junit\platform\junit-platform-engine\1.5.2\junit-platform-engine-1.5.2.jar;E:\atguigu\RepMaven2020\junit\junit\4.12\junit-4.12.jar;E:\atguigu\RepMaven2020\org\mockito\mockito-junit-jupiter\3.1.0\mockito-junit-jupiter-3.1.0.jar;E:\atguigu\RepMaven2020\org\assertj\assertj-core\3.13.2\assertj-core-3.13.2.jar;E:\atguigu\RepMaven2020\org\hamcrest\hamcrest\2.1\hamcrest-2.1.jar;E:\atguigu\RepMaven2020\org\mockito\mockito-core\3.1.0\mockito-core-3.1.0.jar;E:\atguigu\RepMaven2020\net\bytebuddy\byte-buddy-agent\1.10.2\byte-buddy-agent-1.10.2.jar;E:\atguigu\RepMaven2020\org\objenesis\objenesis\2.6\objenesis-2.6.jar;E:\atguigu\RepMaven2020\org\skyscreamer\jsonassert\1.5.0\jsonassert-1.5.0.jar;E:\atguigu\RepMaven2020\com\vaadin\external\google\android-json\0.0.20131108.vaadin1\android-json-0.0.20131108.vaadin1.jar;E:\atguigu\RepMaven2020\org\springframework\spring-core\5.2.1.RELEASE\spring-core-5.2.1.RELEASE.jar;E:\atguigu\RepMaven2020\org\springframework\spring-jcl\5.2.1.RELEASE\spring-jcl-5.2.1.RELEASE.jar;E:\atguigu\RepMaven2020\org\springframework\spring-test\5.2.1.RELEASE\spring-test-5.2.1.RELEASE.jar;E:\atguigu\RepMaven2020\org\xmlunit\xmlunit-core\2.6.3\xmlunit-core-2.6.3.jar;"/>
    <property name="sun.cpu.endian" value="little"/>
    <property name="user.home" value="C:\Users\hfer"/>
    <property name="user.language" value="zh"/>
    <property name="java.specification.vendor" value="Oracle Corporation"/>
    <property name="java.home" value="E:\installation\java\jdk8\jre"/>
    <property name="basedir" value="E:\0316\gmall0316\service\service-product"/>
    <property name="file.separator" value="\"/>
    <property name="line.separator" value="&#10;"/>
    <property name="java.vm.specification.vendor" value="Oracle Corporation"/>
    <property name="java.specification.name" value="Java Platform API Specification"/>
    <property name="java.awt.graphicsenv" value="sun.awt.Win32GraphicsEnvironment"/>
    <property name="surefire.real.class.path" value="C:\Users\hfer\AppData\Local\Temp\surefire504271185875920224\surefirebooter8251181917923871468.jar"/>
    <property name="sun.boot.class.path" value="E:\installation\java\jdk8\jre\lib\resources.jar;E:\installation\java\jdk8\jre\lib\rt.jar;E:\installation\java\jdk8\jre\lib\sunrsasign.jar;E:\installation\java\jdk8\jre\lib\jsse.jar;E:\installation\java\jdk8\jre\lib\jce.jar;E:\installation\java\jdk8\jre\lib\charsets.jar;E:\installation\java\jdk8\jre\lib\jfr.jar;E:\installation\java\jdk8\jre\classes"/>
    <property name="user.script" value=""/>
    <property name="sun.management.compiler" value="HotSpot 64-Bit Tiered Compilers"/>
    <property name="java.runtime.version" value="1.8.0_131-b11"/>
    <property name="user.name" value="hfer"/>
    <property name="path.separator" value=";"/>
    <property name="os.version" value="10.0"/>
    <property name="java.endorsed.dirs" value="E:\installation\java\jdk8\jre\lib\endorsed"/>
    <property name="java.runtime.name" value="Java(TM) SE Runtime Environment"/>
    <property name="file.encoding" value="GBK"/>
    <property name="java.vm.name" value="Java HotSpot(TM) 64-Bit Server VM"/>
    <property name="localRepository" value="E:\atguigu\RepMaven2020"/>
    <property name="java.vendor.url.bug" value="http://bugreport.sun.com/bugreport/"/>
    <property name="java.io.tmpdir" value="C:\Users\hfer\AppData\Local\Temp\"/>
    <property name="idea.version" value="2020.2.1"/>
    <property name="java.version" value="1.8.0_131"/>
    <property name="user.dir" value="E:\0316\gmall0316\service\service-product"/>
    <property name="os.arch" value="amd64"/>
    <property name="java.vm.specification.name" value="Java Virtual Machine Specification"/>
    <property name="java.awt.printerjob" value="sun.awt.windows.WPrinterJob"/>
    <property name="sun.os.patch.level" value=""/>
    <property name="java.library.path" value="E:\installation\java\jdk8\jre\bin;C:\WINDOWS\Sun\Java\bin;C:\WINDOWS\system32;C:\WINDOWS;F:\computer_tools\Xshell 6\;F:\computer_tools\Xftp 6\;C:\ProgramData\Oracle\Java\javapath;C:\Windows\system32;C:\Windows;C:\Windows\System32\Wbem;C:\Windows\System32\WindowsPowerShell\v1.0\;C:\Windows\System32\OpenSSH\;C:\Program Files (x86)\NVIDIA Corporation\PhysX\Common;E:\installation\Server\apache-maven-3.6.0\bin;E:\installation\Git\cmd;E:\installation\TortoiseGit\bin;C:\WINDOWS\system32;C:\WINDOWS;C:\WINDOWS\System32\Wbem;C:\WINDOWS\System32\WindowsPowerShell\v1.0\;C:\WINDOWS\System32\OpenSSH\;E:\development_tool\erl9.3\bin;E:\installation\nodejs\;C:\Program Files\dotnet\;C:\Users\hfer\AppData\Local\Microsoft\WindowsApps;E:\installation\java\jdk8\bin;E:\installation\MySQL\MySQL Server 5.7\bin;E:\development_tool\Microsoft VS Code\bin;C:\Users\hfer\AppData\Roaming\npm;."/>
    <property name="java.vm.info" value="mixed mode"/>
    <property name="java.vendor" value="Oracle Corporation"/>
    <property name="java.vm.version" value="25.131-b11"/>
    <property name="java.ext.dirs" value="E:\installation\java\jdk8\jre\lib\ext;C:\WINDOWS\Sun\Java\lib\ext"/>
    <property name="sun.io.unicode.encoding" value="UnicodeLittle"/>
    <property name="java.class.version" value="52.0"/>
  </properties>
  <testcase name="test1" classname="com.atguigu.gmall.product.Test1" time="0.464"/>
</testsuite>